<?xml version="1.0" encoding="UTF-8"?>
<testsuite name="TestCollector-20231031193702" tests="3" file=".py" time="7.213" timestamp="2023-10-31T19:37:09" failures="0" errors="0" skipped="0">
	<testcase classname="TestCollector" name="test_collect" time="7.166" timestamp="2023-10-31T19:37:09" file="test_cloudservice_api.py" line="53">
		<system-out><![CDATA[{'match_rules': {'1': ['name', 'group', 'provider']},
 'resource': {'group': 'CloudStorage',
              'is_major': True,
              'is_primary': True,
              'labels': ['Storage'],
              'metadata': {'view': {'search': [{'key': 'data.id', 'name': 'ID'},
                                               {'key': 'data.name',
                                                'name': 'Name'},
                                               {'key': 'data.location.location',
                                                'name': 'Location'},
                                               {'data_type': 'integer',
                                                'key': 'data.object_count',
                                                'name': 'Object Counts'},
                                               {'data_type': 'integer',
                                                'key': 'data.object_total_size',
                                                'name': 'Object Total Size '
                                                        '(Bytes)'},
                                               {'data_type': 'datetime',
                                                'key': 'data.creation_timestamp',
                                                'name': 'Creation Time'},
                                               {'data_type': 'datetime',
                                                'key': 'data.update_timestamp',
                                                'name': 'Update Time'}],
                                    'table': {'layout': {'name': '',
                                                         'options': {'fields': [{'key': 'data.public_access',
                                                                                 'name': 'Public '
                                                                                         'Access',
                                                                                 'options': {'Not authorized': {'options': {'icon': {'color': 'yellow.500'}},
                                                                                                                'type': 'state'},
                                                                                             'Not public': {'options': {'icon': {'color': 'green.500'}},
                                                                                                            'type': 'state'},
                                                                                             'Public to internet': {'options': {'icon': {'color': 'red.500'},
                                                                                                                                'text_color': 'red.500'},
                                                                                                                    'type': 'state'},
                                                                                             'Subject to object ACLs': {'options': {'icon': {'color': 'green.500'}},
                                                                                                                        'type': 'state'}},
                                                                                 'type': 'enum'},
                                                                                {'key': 'data.object_count',
                                                                                 'name': 'Object '
                                                                                         'Total '
                                                                                         'Counts',
                                                                                 'type': 'text'},
                                                                                {'key': 'data.object_total_size',
                                                                                 'name': 'Object '
                                                                                         'Size',
                                                                                 'type': 'size'},
                                                                                {'key': 'data.access_control',
                                                                                 'name': 'Access '
                                                                                         'Control',
                                                                                 'type': 'text'},
                                                                                {'key': 'data.lifecycle_rule.lifecycle_rule_display',
                                                                                 'name': 'Lifecycle '
                                                                                         'rules',
                                                                                 'type': 'text'},
                                                                                {'key': 'data.requester_pays',
                                                                                 'name': 'Requester '
                                                                                         'Pays',
                                                                                 'options': {'OFF': {'options': {'background_color': 'indigo.500'},
                                                                                                     'type': 'badge'},
                                                                                             'ON': {'options': {'background_color': 'coral.600'},
                                                                                                    'type': 'badge'}},
                                                                                 'type': 'enum'}]},
                                                         'type': 'query-search-table'}},
                                    'widget': [{'name': 'Count by Project',
                                                'options': {'chart_type': 'DONUT'},
                                                'query': {'aggregate': [{'group': {'fields': [{'name': 'value',
                                                                                               'operator': 'count'}],
                                                                                   'keys': [{'key': 'account',
                                                                                             'name': 'name'}]}}],
                                                          'filter': [{'key': 'provider',
                                                                      'operator': 'eq',
                                                                      'value': 'naver_cloud'},
                                                                     {'key': 'cloud_service_group',
                                                                      'operator': 'eq',
                                                                      'value': 'storage'},
                                                                     {'key': 'cloud_service_type',
                                                                      'operator': 'eq',
                                                                      'value': 'storage'}]},
                                                'type': 'card'},
                                               {'name': 'Count by Project',
                                                'options': {'chart_type': 'DONUT'},
                                                'query': {'aggregate': [{'group': {'fields': [{'name': 'value',
                                                                                               'operator': 'count'}],
                                                                                   'keys': [{'key': 'account',
                                                                                             'name': 'name'}]}}],
                                                          'filter': [{'key': 'provider',
                                                                      'operator': 'eq',
                                                                      'value': 'naver_cloud'},
                                                                     {'key': 'cloud_service_group',
                                                                      'operator': 'eq',
                                                                      'value': 'storage'},
                                                                     {'key': 'cloud_service_type',
                                                                      'operator': 'eq',
                                                                      'value': 'storage'}]},
                                                'type': 'chart'},
                                               {'name': 'Count by Project',
                                                'options': {'chart_type': 'DONUT'},
                                                'query': {'aggregate': [{'group': {'fields': [{'name': 'value',
                                                                                               'operator': 'count'}],
                                                                                   'keys': [{'key': 'account',
                                                                                             'name': 'name'}]}}],
                                                          'filter': [{'key': 'provider',
                                                                      'operator': 'eq',
                                                                      'value': 'naver_cloud'},
                                                                     {'key': 'cloud_service_group',
                                                                      'operator': 'eq',
                                                                      'value': 'storage'},
                                                                     {'key': 'cloud_service_type',
                                                                      'operator': 'eq',
                                                                      'value': 'storage'}]},
                                                'type': 'chart'}]}},
              'name': 'ObjectStorage',
              'provider': 'naver_cloud',
              'resource_type': 'inventory.CloudService',
              'service_code': 'CloudStorage',
              'tags': {'spaceone:icon': 'https://spaceone-custom-assets.s3.ap-northeast-2.amazonaws.com/console-assets/icons/cloud-services/naver_cloud/Cloud_Storage.svg'}},
 'resource_type': 'inventory.CloudServiceType',
 'state': 'SUCCESS'}

{'match_rules': {'1': ['reference.resource_id',
                       'provider',
                       'cloud_service_type',
                       'cloud_service_group']},
 'message': 'An error occurred (NoSuchCORSConfiguration) when calling the '
            'GetBucketCors operation: The CORS configuration does not exist',
 'resource': {'cloud_service_group': 'CloudStorage',
              'cloud_service_type': 'ObjectStorage',
              'provider': 'naver_cloud',
              'resource_type': 'inventory.CloudService'},
 'resource_type': 'inventory.ErrorResource',
 'state': 'FAILURE'}

{'match_rules': {'1': ['name', 'group', 'provider']},
 'resource': {'group': 'Management',
              'is_major': True,
              'is_primary': True,
              'labels': ['Management'],
              'metadata': {'view': {'search': [{'key': 'data.name',
                                                'name': 'Name'},
                                               {'key': 'data.state',
                                                'name': 'State'},
                                               {'key': 'data.database_version',
                                                'name': 'Type'},
                                               {'key': 'data.project',
                                                'name': 'Project'},
                                               {'key': 'data.region',
                                                'name': 'Region'},
                                               {'key': 'data.gce_zone',
                                                'name': 'Zone'},
                                               {'key': 'data.ip_addresses.ip_address',
                                                'name': 'Public IP Address'}],
                                    'table': {'layout': {'name': '',
                                                         'options': {'fields': [{'key': 'data.display_state',
                                                                                 'name': 'State',
                                                                                 'options': {'ON-DEMAND': {'options': {'icon': {'color': 'gray.400'},
                                                                                                                       'text_color': 'gray.400'},
                                                                                                           'type': 'state'},
                                                                                             'RUNNING': {'options': {'icon': {'color': 'green.500'}},
                                                                                                         'type': 'state'},
                                                                                             'STOPPED': {'options': {'icon': {'color': 'red.500'},
                                                                                                                     'text_color': 'red.500'},
                                                                                                         'type': 'state'},
                                                                                             'UNKNOWN': {'options': {'icon': {'color': 'gray.400'},
                                                                                                                     'text_color': 'gray.400'},
                                                                                                         'type': 'state'}},
                                                                                 'type': 'enum'},
                                                                                {'key': 'data.database_version',
                                                                                 'name': 'Type',
                                                                                 'type': 'text'},
                                                                                {'key': 'data.project',
                                                                                 'name': 'Project',
                                                                                 'type': 'text'},
                                                                                {'key': 'data.ip_addresses',
                                                                                 'name': 'Public '
                                                                                         'IP '
                                                                                         'Address',
                                                                                 'options': {'delimiter': '<br>',
                                                                                             'item': {'options': {'outline_color': 'violet.500'},
                                                                                                      'type': 'badge'},
                                                                                             'sub_key': 'ip_address'},
                                                                                 'type': 'list'},
                                                                                {'key': 'data.gce_zone',
                                                                                 'name': 'Location',
                                                                                 'type': 'text'},
                                                                                {'key': 'data.settings.data_disk_size_gb',
                                                                                 'name': 'Data '
                                                                                         'Disk '
                                                                                         'Size '
                                                                                         '(GB)',
                                                                                 'type': 'text'},
                                                                                {'key': 'data.connection_name',
                                                                                 'name': 'Connection '
                                                                                         'name',
                                                                                 'options': {'is_optional': True},
                                                                                 'type': 'text'},
                                                                                {'key': 'data.gce_zone',
                                                                                 'name': 'Location',
                                                                                 'options': {'is_optional': True},
                                                                                 'type': 'text'},
                                                                                {'key': 'data.service_account_email_address',
                                                                                 'name': 'Service '
                                                                                         'Account',
                                                                                 'options': {'is_optional': True},
                                                                                 'type': 'text'},
                                                                                {'key': 'data.settings.storage_auto_resize_limit',
                                                                                 'name': 'Auto '
                                                                                         'Storage '
                                                                                         'Increased '
                                                                                         'Limit '
                                                                                         'Size '
                                                                                         '(GB)',
                                                                                 'options': {'is_optional': True},
                                                                                 'type': 'text'}]},
                                                         'type': 'query-search-table'}},
                                    'widget': [{'name': 'Count by Project',
                                                'options': {'chart_type': 'DONUT'},
                                                'query': {'aggregate': [{'group': {'fields': [{'name': 'value',
                                                                                               'operator': 'count'}],
                                                                                   'keys': [{'key': 'account',
                                                                                             'name': 'name'}]}}],
                                                          'filter': [{'key': 'provider',
                                                                      'operator': 'eq',
                                                                      'value': 'naver_cloud'},
                                                                     {'key': 'cloud_service_group',
                                                                      'operator': 'eq',
                                                                      'value': 'monitoring'},
                                                                     {'key': 'cloud_service_type',
                                                                      'operator': 'eq',
                                                                      'value': 'monitoring'}]},
                                                'type': 'card'},
                                               {'name': 'Count by Project',
                                                'options': {'chart_type': 'DONUT'},
                                                'query': {'aggregate': [{'group': {'fields': [{'name': 'value',
                                                                                               'operator': 'count'}],
                                                                                   'keys': [{'key': 'account',
                                                                                             'name': 'name'}]}}],
                                                          'filter': [{'key': 'provider',
                                                                      'operator': 'eq',
                                                                      'value': 'naver_cloud'},
                                                                     {'key': 'cloud_service_group',
                                                                      'operator': 'eq',
                                                                      'value': 'monitoring'},
                                                                     {'key': 'cloud_service_type',
                                                                      'operator': 'eq',
                                                                      'value': 'monitoring'}]},
                                                'type': 'chart'},
                                               {'name': 'Count by Project',
                                                'options': {'chart_type': 'DONUT'},
                                                'query': {'aggregate': [{'group': {'fields': [{'name': 'value',
                                                                                               'operator': 'count'}],
                                                                                   'keys': [{'key': 'account',
                                                                                             'name': 'name'}]}}],
                                                          'filter': [{'key': 'provider',
                                                                      'operator': 'eq',
                                                                      'value': 'naver_cloud'},
                                                                     {'key': 'cloud_service_group',
                                                                      'operator': 'eq',
                                                                      'value': 'monitoring'},
                                                                     {'key': 'cloud_service_type',
                                                                      'operator': 'eq',
                                                                      'value': 'monitoring'}]},
                                                'type': 'chart'}]}},
              'name': 'Monitoring',
              'provider': 'naver_cloud',
              'resource_type': 'inventory.CloudService',
              'service_code': 'Monitoring',
              'tags': {'spaceone:icon': 'https://spaceone-custom-assets.s3.ap-northeast-2.amazonaws.com/console-assets/icons/cloud-services/naver_cloud/Cloud_SQL.svg'}},
 'resource_type': 'inventory.CloudServiceType',
 'state': 'SUCCESS'}

{'match_rules': {'1': ['reference.resource_id',
                       'provider',
                       'cloud_service_type',
                       'cloud_service_group']},
 'resource': {'account': '',
              'cloud_service_group': 'Management',
              'cloud_service_type': 'Monitoring',
              'data': {'metric_name': 'CPUUtilization'},
              'metadata': {'view': {'sub_data': {'layouts': [{'name': 'management',
                                                              'options': {'layouts': [{'name': 'Monitoring '
                                                                                               'Instance',
                                                                                       'options': {},
                                                                                       'type': 'item'}]},
                                                              'type': 'list'}]}}},
              'name': '20150943',
              'provider': 'naver_cloud',
              'region_code': ''},
 'resource_type': 'inventory.CloudService',
 'state': 'SUCCESS'}

{'match_rules': {'1': ['reference.resource_id',
                       'provider',
                       'cloud_service_type',
                       'cloud_service_group']},
 'resource': {'account': '',
              'cloud_service_group': 'Management',
              'cloud_service_type': 'Monitoring',
              'data': {'metric_name': 'DiskReadBytes'},
              'metadata': {'view': {'sub_data': {'layouts': [{'name': 'management',
                                                              'options': {'layouts': [{'name': 'Monitoring '
                                                                                               'Instance',
                                                                                       'options': {},
                                                                                       'type': 'item'}]},
                                                              'type': 'list'}]}}},
              'name': '20150943',
              'provider': 'naver_cloud',
              'region_code': ''},
 'resource_type': 'inventory.CloudService',
 'state': 'SUCCESS'}

{'match_rules': {'1': ['reference.resource_id',
                       'provider',
                       'cloud_service_type',
                       'cloud_service_group']},
 'resource': {'account': '',
              'cloud_service_group': 'Management',
              'cloud_service_type': 'Monitoring',
              'data': {'metric_name': 'DiskWriteBytes'},
              'metadata': {'view': {'sub_data': {'layouts': [{'name': 'management',
                                                              'options': {'layouts': [{'name': 'Monitoring '
                                                                                               'Instance',
                                                                                       'options': {},
                                                                                       'type': 'item'}]},
                                                              'type': 'list'}]}}},
              'name': '20150943',
              'provider': 'naver_cloud',
              'region_code': ''},
 'resource_type': 'inventory.CloudService',
 'state': 'SUCCESS'}

{'match_rules': {'1': ['reference.resource_id',
                       'provider',
                       'cloud_service_type',
                       'cloud_service_group']},
 'resource': {'account': '',
              'cloud_service_group': 'Management',
              'cloud_service_type': 'Monitoring',
              'data': {'metric_name': 'NetworkIn'},
              'metadata': {'view': {'sub_data': {'layouts': [{'name': 'management',
                                                              'options': {'layouts': [{'name': 'Monitoring '
                                                                                               'Instance',
                                                                                       'options': {},
                                                                                       'type': 'item'}]},
                                                              'type': 'list'}]}}},
              'name': '20150943',
              'provider': 'naver_cloud',
              'region_code': ''},
 'resource_type': 'inventory.CloudService',
 'state': 'SUCCESS'}

{'match_rules': {'1': ['reference.resource_id',
                       'provider',
                       'cloud_service_type',
                       'cloud_service_group']},
 'resource': {'account': '',
              'cloud_service_group': 'Management',
              'cloud_service_type': 'Monitoring',
              'data': {'metric_name': 'NetworkOut'},
              'metadata': {'view': {'sub_data': {'layouts': [{'name': 'management',
                                                              'options': {'layouts': [{'name': 'Monitoring '
                                                                                               'Instance',
                                                                                       'options': {},
                                                                                       'type': 'item'}]},
                                                              'type': 'list'}]}}},
              'name': '20150943',
              'provider': 'naver_cloud',
              'region_code': ''},
 'resource_type': 'inventory.CloudService',
 'state': 'SUCCESS'}

{'match_rules': {'1': ['name', 'group', 'provider']},
 'resource': {'group': 'content_delivery',
              'is_major': True,
              'is_primary': True,
              'labels': ['Content Delivery'],
              'metadata': {'view': {'search': [{'key': 'data.name',
                                                'name': 'Name'},
                                               {'key': 'data.state',
                                                'name': 'State'},
                                               {'key': 'data.database_version',
                                                'name': 'Type'},
                                               {'key': 'data.project',
                                                'name': 'Project'},
                                               {'key': 'data.region',
                                                'name': 'Region'},
                                               {'key': 'data.gce_zone',
                                                'name': 'Zone'},
                                               {'key': 'data.ip_addresses.ip_address',
                                                'name': 'Public IP Address'}],
                                    'table': {'layout': {'name': '',
                                                         'options': {'fields': [{'key': 'data.display_state',
                                                                                 'name': 'State',
                                                                                 'options': {'ON-DEMAND': {'options': {'icon': {'color': 'gray.400'},
                                                                                                                       'text_color': 'gray.400'},
                                                                                                           'type': 'state'},
                                                                                             'RUNNING': {'options': {'icon': {'color': 'green.500'}},
                                                                                                         'type': 'state'},
                                                                                             'STOPPED': {'options': {'icon': {'color': 'red.500'},
                                                                                                                     'text_color': 'red.500'},
                                                                                                         'type': 'state'},
                                                                                             'UNKNOWN': {'options': {'icon': {'color': 'gray.400'},
                                                                                                                     'text_color': 'gray.400'},
                                                                                                         'type': 'state'}},
                                                                                 'type': 'enum'},
                                                                                {'key': 'data.database_version',
                                                                                 'name': 'Type',
                                                                                 'type': 'text'},
                                                                                {'key': 'data.project',
                                                                                 'name': 'Project',
                                                                                 'type': 'text'},
                                                                                {'key': 'data.ip_addresses',
                                                                                 'name': 'Public '
                                                                                         'IP '
                                                                                         'Address',
                                                                                 'options': {'delimiter': '<br>',
                                                                                             'item': {'options': {'outline_color': 'violet.500'},
                                                                                                      'type': 'badge'},
                                                                                             'sub_key': 'ip_address'},
                                                                                 'type': 'list'},
                                                                                {'key': 'data.gce_zone',
                                                                                 'name': 'Location',
                                                                                 'type': 'text'},
                                                                                {'key': 'data.settings.data_disk_size_gb',
                                                                                 'name': 'Data '
                                                                                         'Disk '
                                                                                         'Size '
                                                                                         '(GB)',
                                                                                 'type': 'text'},
                                                                                {'key': 'data.connection_name',
                                                                                 'name': 'Connection '
                                                                                         'name',
                                                                                 'options': {'is_optional': True},
                                                                                 'type': 'text'},
                                                                                {'key': 'data.gce_zone',
                                                                                 'name': 'Location',
                                                                                 'options': {'is_optional': True},
                                                                                 'type': 'text'},
                                                                                {'key': 'data.service_account_email_address',
                                                                                 'name': 'Service '
                                                                                         'Account',
                                                                                 'options': {'is_optional': True},
                                                                                 'type': 'text'},
                                                                                {'key': 'data.settings.storage_auto_resize_limit',
                                                                                 'name': 'Auto '
                                                                                         'Storage '
                                                                                         'Increased '
                                                                                         'Limit '
                                                                                         'Size '
                                                                                         '(GB)',
                                                                                 'options': {'is_optional': True},
                                                                                 'type': 'text'}]},
                                                         'type': 'query-search-table'}},
                                    'widget': [{'name': 'Count by Project',
                                                'options': {'chart_type': 'DONUT'},
                                                'query': {'aggregate': [{'group': {'fields': [{'name': 'value',
                                                                                               'operator': 'count'}],
                                                                                   'keys': [{'key': 'account',
                                                                                             'name': 'name'}]}}],
                                                          'filter': [{'key': 'provider',
                                                                      'operator': 'eq',
                                                                      'value': 'naver_cloud'},
                                                                     {'key': 'cloud_service_group',
                                                                      'operator': 'eq',
                                                                      'value': 'cdn'},
                                                                     {'key': 'cloud_service_type',
                                                                      'operator': 'eq',
                                                                      'value': 'cdn'}]},
                                                'type': 'card'},
                                               {'name': 'Count by Project',
                                                'options': {'chart_type': 'DONUT'},
                                                'query': {'aggregate': [{'group': {'fields': [{'name': 'value',
                                                                                               'operator': 'count'}],
                                                                                   'keys': [{'key': 'account',
                                                                                             'name': 'name'}]}}],
                                                          'filter': [{'key': 'provider',
                                                                      'operator': 'eq',
                                                                      'value': 'naver_cloud'},
                                                                     {'key': 'cloud_service_group',
                                                                      'operator': 'eq',
                                                                      'value': 'cdn'},
                                                                     {'key': 'cloud_service_type',
                                                                      'operator': 'eq',
                                                                      'value': 'cdn'}]},
                                                'type': 'chart'},
                                               {'name': 'Count by Project',
                                                'options': {'chart_type': 'DONUT'},
                                                'query': {'aggregate': [{'group': {'fields': [{'name': 'value',
                                                                                               'operator': 'count'}],
                                                                                   'keys': [{'key': 'account',
                                                                                             'name': 'name'}]}}],
                                                          'filter': [{'key': 'provider',
                                                                      'operator': 'eq',
                                                                      'value': 'naver_cloud'},
                                                                     {'key': 'cloud_service_group',
                                                                      'operator': 'eq',
                                                                      'value': 'cdn'},
                                                                     {'key': 'cloud_service_type',
                                                                      'operator': 'eq',
                                                                      'value': 'cdn'}]},
                                                'type': 'chart'}]}},
              'name': 'Cdn',
              'provider': 'naver_cloud',
              'resource_type': 'inventory.CloudService',
              'service_code': 'Cdn',
              'tags': {'spaceone:icon': 'https://spaceone-custom-assets.s3.ap-northeast-2.amazonaws.com/console-assets/icons/cloud-services/naver_cloud/Cloud_SQL.svg'}},
 'resource_type': 'inventory.CloudServiceType',
 'state': 'SUCCESS'}

{'match_rules': {'1': ['reference.resource_id',
                       'provider',
                       'cloud_service_type',
                       'cloud_service_group']},
 'resource': {'account': '',
              'cloud_service_group': 'content_delivery',
              'cloud_service_type': 'cdn',
              'data': {'cdn_instance_operation': 'NULL',
                       'cdn_instance_status': 'RUN',
                       'cdn_instance_status_name': 'running',
                       'cdn_plus_rule': [{'cache_key_host_name_type_code': 'REQUEST_HOST_HEADER',
                                          'caching_option_type_code': 'CACHE',
                                          'caching_ttl_time': 604800.0,
                                          'forward_host_header_type_code': 'ORIGIN_HOSTNAME',
                                          'gzip_response_type_code': 'ORIGIN_RESPONSE',
                                          'is_access_log_use': True,
                                          'is_error_contents_response_use': False,
                                          'is_gzip_compression_use': True,
                                          'is_large_file_optimization_use': False,
                                          'is_query_string_ignore_use': True,
                                          'is_referrer_domain_restrict_use': False,
                                          'is_referrer_domain_use': False,
                                          'is_reissue_secure_token_password': False,
                                          'origin_http_port': 80.0,
                                          'origin_https_port': 0.0,
                                          'origin_url': 'buckettest0712.kr.object.ncloudstorage.com',
                                          'protocol_type_code': 'ALL',
                                          'service_domain_type_code': 'DEFAULT'}],
                       'cdn_plus_service_domain_list': [{'default_domain_name': 'wrbcwaosxutm20151001.cdn.ntruss.com',
                                                         'domain_id': 'CD000000000000059583',
                                                         'protocol_type_code': 'ALL',
                                                         'service_domain_type_code': 'DEFAULT',
                                                         'user_domain_name': ''}],
                       'is_available_partial_domain_purge': False,
                       'is_for_image_optimizer': False,
                       'is_for_live_transcoder': False,
                       'last_modified_date': '2023-10-22T16:12:18+0900',
                       'service_name': 'naevistest'},
              'launched_at': '2023-10-22T16:10:49.000000+0900',
              'metadata': {'view': {'sub_data': {'layouts': [{'name': 'management',
                                                              'options': {'layouts': [{'name': 'Monitoring '
                                                                                               'Instance',
                                                                                       'options': {},
                                                                                       'type': 'item'}]},
                                                              'type': 'list'}]}}},
              'name': '20151001',
              'provider': 'naver_cloud',
              'region_code': ''},
 'resource_type': 'inventory.CloudService',
 'state': 'SUCCESS'}

{'match_rules': {'1': ['name', 'group', 'provider']},
 'resource': {'group': 'Database',
              'is_major': True,
              'is_primary': True,
              'labels': ['Database'],
              'metadata': {'view': {'search': [{'key': 'data.name',
                                                'name': 'Name'},
                                               {'key': 'data.state',
                                                'name': 'State'},
                                               {'key': 'data.database_version',
                                                'name': 'Type'},
                                               {'key': 'data.project',
                                                'name': 'Project'},
                                               {'key': 'data.region',
                                                'name': 'Region'},
                                               {'key': 'data.gce_zone',
                                                'name': 'Zone'},
                                               {'key': 'data.ip_addresses.ip_address',
                                                'name': 'Public IP Address'}],
                                    'table': {'layout': {'name': '',
                                                         'options': {'fields': [{'key': 'data.display_state',
                                                                                 'name': 'State',
                                                                                 'options': {'ON-DEMAND': {'options': {'icon': {'color': 'gray.400'},
                                                                                                                       'text_color': 'gray.400'},
                                                                                                           'type': 'state'},
                                                                                             'RUNNING': {'options': {'icon': {'color': 'green.500'}},
                                                                                                         'type': 'state'},
                                                                                             'STOPPED': {'options': {'icon': {'color': 'red.500'},
                                                                                                                     'text_color': 'red.500'},
                                                                                                         'type': 'state'},
                                                                                             'UNKNOWN': {'options': {'icon': {'color': 'gray.400'},
                                                                                                                     'text_color': 'gray.400'},
                                                                                                         'type': 'state'}},
                                                                                 'type': 'enum'},
                                                                                {'key': 'data.database_version',
                                                                                 'name': 'Type',
                                                                                 'type': 'text'},
                                                                                {'key': 'data.project',
                                                                                 'name': 'Project',
                                                                                 'type': 'text'},
                                                                                {'key': 'data.ip_addresses',
                                                                                 'name': 'Public '
                                                                                         'IP '
                                                                                         'Address',
                                                                                 'options': {'delimiter': '<br>',
                                                                                             'item': {'options': {'outline_color': 'violet.500'},
                                                                                                      'type': 'badge'},
                                                                                             'sub_key': 'ip_address'},
                                                                                 'type': 'list'},
                                                                                {'key': 'data.gce_zone',
                                                                                 'name': 'Location',
                                                                                 'type': 'text'},
                                                                                {'key': 'data.settings.data_disk_size_gb',
                                                                                 'name': 'Data '
                                                                                         'Disk '
                                                                                         'Size '
                                                                                         '(GB)',
                                                                                 'type': 'text'},
                                                                                {'key': 'data.connection_name',
                                                                                 'name': 'Connection '
                                                                                         'name',
                                                                                 'options': {'is_optional': True},
                                                                                 'type': 'text'},
                                                                                {'key': 'data.gce_zone',
                                                                                 'name': 'Location',
                                                                                 'options': {'is_optional': True},
                                                                                 'type': 'text'},
                                                                                {'key': 'data.service_account_email_address',
                                                                                 'name': 'Service '
                                                                                         'Account',
                                                                                 'options': {'is_optional': True},
                                                                                 'type': 'text'},
                                                                                {'key': 'data.settings.storage_auto_resize_limit',
                                                                                 'name': 'Auto '
                                                                                         'Storage '
                                                                                         'Increased '
                                                                                         'Limit '
                                                                                         'Size '
                                                                                         '(GB)',
                                                                                 'options': {'is_optional': True},
                                                                                 'type': 'text'}]},
                                                         'type': 'query-search-table'}},
                                    'widget': [{'name': 'Count by Project',
                                                'options': {'chart_type': 'DONUT'},
                                                'query': {'aggregate': [{'group': {'fields': [{'name': 'value',
                                                                                               'operator': 'count'}],
                                                                                   'keys': [{'key': 'account',
                                                                                             'name': 'name'}]}}],
                                                          'filter': [{'key': 'provider',
                                                                      'operator': 'eq',
                                                                      'value': 'naver_cloud'},
                                                                     {'key': 'cloud_service_group',
                                                                      'operator': 'eq',
                                                                      'value': 'cloud_db'},
                                                                     {'key': 'cloud_service_type',
                                                                      'operator': 'eq',
                                                                      'value': 'cloud_db'}]},
                                                'type': 'card'},
                                               {'name': 'Count by Project',
                                                'options': {'chart_type': 'DONUT'},
                                                'query': {'aggregate': [{'group': {'fields': [{'name': 'value',
                                                                                               'operator': 'count'}],
                                                                                   'keys': [{'key': 'account',
                                                                                             'name': 'name'}]}}],
                                                          'filter': [{'key': 'provider',
                                                                      'operator': 'eq',
                                                                      'value': 'naver_cloud'},
                                                                     {'key': 'cloud_service_group',
                                                                      'operator': 'eq',
                                                                      'value': 'cloud_db'},
                                                                     {'key': 'cloud_service_type',
                                                                      'operator': 'eq',
                                                                      'value': 'cloud_db'}]},
                                                'type': 'chart'},
                                               {'name': 'Count by Project',
                                                'options': {'chart_type': 'DONUT'},
                                                'query': {'aggregate': [{'group': {'fields': [{'name': 'value',
                                                                                               'operator': 'count'}],
                                                                                   'keys': [{'key': 'account',
                                                                                             'name': 'name'}]}}],
                                                          'filter': [{'key': 'provider',
                                                                      'operator': 'eq',
                                                                      'value': 'naver_cloud'},
                                                                     {'key': 'cloud_service_group',
                                                                      'operator': 'eq',
                                                                      'value': 'cloud_db'},
                                                                     {'key': 'cloud_service_type',
                                                                      'operator': 'eq',
                                                                      'value': 'cloud_db'}]},
                                                'type': 'chart'}]}},
              'name': 'CloudDB',
              'provider': 'naver_cloud',
              'resource_type': 'inventory.CloudService',
              'service_code': 'Cloud DB',
              'tags': {'spaceone:icon': 'https://spaceone-custom-assets.s3.ap-northeast-2.amazonaws.com/console-assets/icons/cloud-services/naver_cloud/Cloud_SQL.svg'}},
 'resource_type': 'inventory.CloudServiceType',
 'state': 'SUCCESS'}

{'match_rules': {'1': ['reference.resource_id',
                       'provider',
                       'cloud_service_type',
                       'cloud_service_group']},
 'resource': {'account': '',
              'cloud_service_group': 'Database',
              'cloud_service_type': 'CloudDB',
              'data': {'access_control_group_list': [{'access_control_group_configuration_no': '1435301',
                                                      'access_control_group_description': 'Group '
                                                                                          'for '
                                                                                          'cloud '
                                                                                          'DB '
                                                                                          'service '
                                                                                          "'test' "
                                                                                          '(automatically '
                                                                                          'created)',
                                                      'access_control_group_name': 'cloud-db-c3dl2',
                                                      'create_date': '2023-10-31T14:57:18+0900'}],
                       'backup_file_retention_period': 1.0,
                       'backup_time': '06:30',
                       'cloud_db_instance_no': '20312966',
                       'cloud_db_instance_status_name': 'running',
                       'cloud_db_port': 3306.0,
                       'cloud_db_server_instance_list': [{'cloud_db_server_instance_no': '20312971',
                                                          'cloud_db_server_instance_status_name': 'running',
                                                          'cloud_db_server_name': 'test-001',
                                                          'cloud_db_server_role': 'M',
                                                          'create_date': '2023-10-31T14:56:00+0900',
                                                          'data_storage_size': 10737418240.0,
                                                          'private_dns_name': 'db-jbssb.cdb.ntruss.com',
                                                          'uptime': '2023-10-31T15:02:00+0900',
                                                          'used_data_storage_size': 3221225472.0},
                                                         {'cloud_db_server_instance_no': None,
                                                          'cloud_db_server_instance_status_name': None,
                                                          'cloud_db_server_name': 'test-002',
                                                          'cloud_db_server_role': 'H',
                                                          'create_date': None,
                                                          'data_storage_size': None,
                                                          'private_dns_name': None,
                                                          'uptime': None,
                                                          'used_data_storage_size': None}],
                       'cpu_count': 2.0,
                       'data_storage_type': 'SSD',
                       'db_kind_code': 'MYSQL',
                       'is_ha': True,
                       'license_code': 'GPL',
                       'region_list': [{'region_code': 'KR',
                                        'region_name': 'Korea',
                                        'region_no': '1'}],
                       'zone_list': [{'zone_description': '평촌 zone',
                                      'zone_name': 'KR-2',
                                      'zone_no': '3'}]},
              'launched_at': '2023-10-31T14:56:00.000000+0900',
              'metadata': {'view': {'sub_data': {'layouts': [{'name': 'database',
                                                              'options': {'layouts': [{'name': 'CloudDB '
                                                                                               'Instance',
                                                                                       'options': {},
                                                                                       'type': 'item'}]},
                                                              'type': 'list'}]}}},
              'name': 'test',
              'provider': 'naver_cloud',
              'region_code': ''},
 'resource_type': 'inventory.CloudService',
 'state': 'SUCCESS'}

{'match_rules': {'1': ['name', 'group', 'provider']},
 'resource': {'group': 'Compute',
              'is_major': True,
              'is_primary': True,
              'labels': ['Compute', 'Server'],
              'metadata': {'view': {'search': [{'key': 'server_id',
                                                'name': 'Server ID'},
                                               {'key': 'data.ip_addresses',
                                                'name': 'IP Address'},
                                               {'key': 'data.compute.instance_id',
                                                'name': 'Instance ID'},
                                               {'enums': {'DEALLOCATED': {'label': 'Deallocated'},
                                                          'RUNNING': {'label': 'Running'},
                                                          'STOPPED': {'label': 'Stopped'},
                                                          'SUSPENDED': {'label': 'Suspended'},
                                                          'TERMINATED': {'label': 'Terminated'}},
                                                'key': 'data.compute.instance_state',
                                                'name': 'Instance State'},
                                               {'key': 'data.compute.instance_type',
                                                'name': 'Instance Type'},
                                               {'key': 'data.compute.keypair',
                                                'name': 'Key Pair'},
                                               {'key': 'data.compute.az',
                                                'name': 'Availability Zone'},
                                               {'key': 'data.nics.public_ip_address',
                                                'name': 'Public IP Address'},
                                               {'key': 'data.nics.tags.public_dns',
                                                'name': 'Public DNS'},
                                               {'data_type': 'float',
                                                'key': 'data.hardware.memory',
                                                'name': 'Memory'},
                                               {'key': 'account',
                                                'name': 'Account ID'},
                                               {'key': 'launched_at',
                                                'name': 'Launched'}],
                                    'table': {'layout': {'name': '',
                                                         'options': {'fields': [{'key': 'data.compute.instance_state',
                                                                                 'name': 'Instance '
                                                                                         'State',
                                                                                 'options': {'PROVISIONING': {'options': {'icon': {'color': 'yellow.500'}},
                                                                                                              'type': 'state'},
                                                                                             'REPAIRING': {'options': {'icon': {'color': 'yellow.500'}},
                                                                                                           'type': 'state'},
                                                                                             'RUNNING': {'options': {'icon': {'color': 'green.500'}},
                                                                                                         'type': 'state'},
                                                                                             'STAGING': {'options': {'icon': {'color': 'yellow.500'}},
                                                                                                         'type': 'state'},
                                                                                             'STOPPING': {'options': {'icon': {'color': 'yellow.500'}},
                                                                                                          'type': 'state'},
                                                                                             'SUSPENDED': {'options': {'icon': {'color': 'red.500'},
                                                                                                                       'text_color': 'red.500'},
                                                                                                           'type': 'state'},
                                                                                             'SUSPENDING': {'options': {'icon': {'color': 'yellow.500'}},
                                                                                                            'type': 'state'},
                                                                                             'TERMINATED': {'options': {'icon': {'color': 'red.500'},
                                                                                                                        'text_color': 'red.500'},
                                                                                                            'type': 'state'}},
                                                                                 'type': 'enum'},
                                                                                {'key': 'server_id',
                                                                                 'name': 'Server '
                                                                                         'ID',
                                                                                 'options': {'is_optional': True},
                                                                                 'type': 'text'},
                                                                                {'key': 'data.compute.instance_type',
                                                                                 'name': 'Instance '
                                                                                         'Type',
                                                                                 'type': 'text'},
                                                                                {'key': 'data.hardware.core',
                                                                                 'name': 'Core',
                                                                                 'type': 'text'},
                                                                                {'key': 'data.hardware.memory',
                                                                                 'name': 'Memory',
                                                                                 'type': 'text'},
                                                                                {'key': 'data.compute.scheduling.preemptible',
                                                                                 'name': 'Preemptible',
                                                                                 'options': {'is_optional': True},
                                                                                 'type': 'text'},
                                                                                {'key': 'data.compute.instance_id',
                                                                                 'name': 'Instance '
                                                                                         'ID',
                                                                                 'options': {'is_optional': True},
                                                                                 'type': 'text'},
                                                                                {'key': 'data.compute.image',
                                                                                 'name': 'Image',
                                                                                 'options': {'is_optional': True},
                                                                                 'type': 'text'},
                                                                                {'key': 'data.compute.az',
                                                                                 'name': 'Availability '
                                                                                         'Zone',
                                                                                 'type': 'text'},
                                                                                {'key': 'data.primary_ip_address',
                                                                                 'name': 'Primary '
                                                                                         'IP',
                                                                                 'options': {'is_optional': True},
                                                                                 'type': 'text'},
                                                                                {'key': 'data.compute.public_ip_address',
                                                                                 'name': 'Public '
                                                                                         'IP',
                                                                                 'options': {'is_optional': True},
                                                                                 'type': 'text'},
                                                                                {'key': 'account',
                                                                                 'name': 'Account '
                                                                                         'ID',
                                                                                 'options': {'is_optional': True},
                                                                                 'type': 'text'},
                                                                                {'key': 'launched_at',
                                                                                 'name': 'Launched',
                                                                                 'options': {'is_optional': True},
                                                                                 'type': 'text'}]},
                                                         'type': 'query-search-table'}},
                                    'widget': [{'name': 'Total Count',
                                                'options': {'value_options': {'key': 'value',
                                                                              'name': None,
                                                                              'options': {'default': '0'},
                                                                              'type': 'text'}},
                                                'query': {'aggregate': [{'group': {'fields': [{'name': 'value',
                                                                                               'operator': 'count'}]}}],
                                                          'filter': [{'key': 'provider',
                                                                      'operator': 'eq',
                                                                      'value': 'naver_cloud'},
                                                                     {'key': 'cloud_service_group',
                                                                      'operator': 'eq',
                                                                      'value': 'ComputeServer'},
                                                                     {'key': 'cloud_service_type',
                                                                      'operator': 'eq',
                                                                      'value': 'Instance'}]},
                                                'type': 'card'},
                                               {'name': 'Total vCPU Count',
                                                'options': {'value_options': {'key': 'value',
                                                                              'name': None,
                                                                              'options': {'default': '0'},
                                                                              'type': 'text'}},
                                                'query': {'aggregate': [{'group': {'fields': [{'key': 'data.hardware.core',
                                                                                               'name': 'value',
                                                                                               'operator': 'sum'}]}}],
                                                          'filter': [{'key': 'provider',
                                                                      'operator': 'eq',
                                                                      'value': 'naver_cloud'},
                                                                     {'key': 'cloud_service_group',
                                                                      'operator': 'eq',
                                                                      'value': 'Compute'},
                                                                     {'key': 'cloud_service_type',
                                                                      'operator': 'eq',
                                                                      'value': 'Instance'}]},
                                                'type': 'card'},
                                               {'name': 'Total Count',
                                                'options': {'value_options': {'key': 'value',
                                                                              'name': None,
                                                                              'options': {'default': '0',
                                                                                          'source_unit': 'GB'},
[...]
                                                                              'options': {'default': '0'},
                                                                              'type': 'text'}},
                                                'query': {'aggregate': [{'group': {'fields': [{'name': 'value',
                                                                                               'operator': 'count'}]}}],
                                                          'filter': [{'key': 'provider',
                                                                      'operator': 'eq',
                                                                      'value': 'naver_cloud'},
                                                                     {'key': 'cloud_service_group',
                                                                      'operator': 'eq',
                                                                      'value': 'Compute'},
                                                                     {'key': 'cloud_service_type',
                                                                      'operator': 'eq',
                                                                      'value': 'Instance'}]},
                                                'type': 'card'},
                                               {'name': 'Total vCPU Count',
                                                'options': {'value_options': {'key': 'value',
                                                                              'name': None,
                                                                              'options': {'default': '0'},
                                                                              'type': 'text'}},
                                                'query': {'aggregate': [{'group': {'fields': [{'key': 'data.hardware.core',
                                                                                               'name': 'value',
                                                                                               'operator': 'sum'}]}}],
                                                          'filter': [{'key': 'provider',
                                                                      'operator': 'eq',
                                                                      'value': 'naver_cloud'},
                                                                     {'key': 'cloud_service_group',
                                                                      'operator': 'eq',
                                                                      'value': 'Compute'},
                                                                     {'key': 'cloud_service_type',
                                                                      'operator': 'eq',
                                                                      'value': 'Instance'}]},
                                                'type': 'card'},
                                               {'name': 'Total Count',
                                                'options': {'value_options': {'key': 'value',
                                                                              'name': None,
                                                                              'options': {'default': '0',
                                                                                          'source_unit': 'GB'},
                                                                              'type': 'size'}},
                                                'query': {'aggregate': [{'group': {'fields': [{'key': 'data.hardware.memory',
                                                                                               'name': 'value',
                                                                                               'operator': 'sum'}]}}],
                                                          'filter': [{'key': 'provider',
                                                                      'operator': 'eq',
                                                                      'value': 'naver_cloud'},
                                                                     {'key': 'cloud_service_group',
                                                                      'operator': 'eq',
                                                                      'value': 'Compute'},
                                                                     {'key': 'cloud_service_type',
                                                                      'operator': 'eq',
                                                                      'value': 'Instance'}]},
                                                'type': 'card'},
                                               {'name': 'Total Disk Size',
                                                'options': {'value_options': {'key': 'value',
                                                                              'name': None,
                                                                              'options': {'default': '0',
                                                                                          'source_unit': 'BYTES'},
                                                                              'type': 'size'}},
                                                'query': {'aggregate': [{'unwind': {'path': 'data.disks'}},
                                                                        {'group': {'fields': [{'key': 'data.disks.size',
                                                                                               'name': 'value',
                                                                                               'operator': 'sum'}]}}],
                                                          'filter': [{'key': 'provider',
                                                                      'operator': 'eq',
                                                                      'value': 'naver_cloud'},
                                                                     {'key': 'cloud_service_group',
                                                                      'operator': 'eq',
                                                                      'value': 'Compute'},
                                                                     {'key': 'cloud_service_type',
                                                                      'operator': 'eq',
                                                                      'value': 'Instance'}]},
                                                'type': 'card'},
                                               {'name': 'Count By Region',
                                                'options': {'chart_type': 'COLUMN',
                                                            'name_options': {'key': 'name',
                                                                             'name': None,
                                                                             'reference': {'reference_key': 'region_code',
                                                                                           'resource_type': 'inventory.Region'},
                                                                             'type': 'text'}},
                                                'query': {'aggregate': [{'group': {'fields': [{'name': 'value',
                                                                                               'operator': 'count'}],
                                                                                   'keys': [{'key': 'region_code',
                                                                                             'name': 'name'}]}}],
                                                          'filter': [{'key': 'provider',
                                                                      'operator': 'eq',
                                                                      'value': 'naver_cloud'},
                                                                     {'key': 'cloud_service_group',
                                                                      'operator': 'eq',
                                                                      'value': 'Compute'},
                                                                     {'key': 'cloud_service_type',
                                                                      'operator': 'eq',
                                                                      'value': 'Instance'}]},
                                                'type': 'chart'},
                                               {'name': 'Count By Instance '
                                                        'Type',
                                                'options': {'chart_type': 'TREEMAP'},
                                                'query': {'aggregate': [{'group': {'fields': [{'name': 'value',
                                                                                               'operator': 'count'}],
                                                                                   'keys': [{'key': 'data.compute.instance_type',
                                                                                             'name': 'name'}]}}],
                                                          'filter': [{'key': 'provider',
                                                                      'operator': 'eq',
                                                                      'value': 'naver_cloud'},
                                                                     {'key': 'cloud_service_group',
                                                                      'operator': 'eq',
                                                                      'value': 'Compute'},
                                                                     {'key': 'cloud_service_type',
                                                                      'operator': 'eq',
                                                                      'value': 'Instance'}]},
                                                'type': 'chart'},
                                               {'name': 'Count By Account',
                                                'options': {'chart_type': 'DONUT'},
                                                'query': {'aggregate': [{'group': {'fields': [{'name': 'value',
                                                                                               'operator': 'count'}],
                                                                                   'keys': [{'key': 'account',
                                                                                             'name': 'name'}]}}],
                                                          'filter': [{'key': 'account',
                                                                      'operator': 'exists',
                                                                      'value': True},
                                                                     {'key': 'provider',
                                                                      'operator': 'eq',
                                                                      'value': 'naver_cloud'},
                                                                     {'key': 'cloud_service_group',
                                                                      'operator': 'eq',
                                                                      'value': 'Compute'},
                                                                     {'key': 'cloud_service_type',
                                                                      'operator': 'eq',
                                                                      'value': 'Instance'}]},
                                                'type': 'chart'}]}},
              'name': 'Instance',
              'provider': 'naver_cloud',
              'resource_type': 'inventory.CloudService',
              'service_code': 'Autoscaling',
              'tags': {'spaceone:icon': 'https://spaceone-custom-assets.s3.ap-northeast-2.amazonaws.com/console-assets/icons/cloud-services/naver_cloud/Compute_Engine.svg'}},
 'resource_type': 'inventory.CloudServiceType',
 'state': 'SUCCESS'}

{'match_rules': {'1': ['reference.resource_id',
                       'provider',
                       'cloud_service_type',
                       'cloud_service_group']},
 'resource': {'account': '',
              'cloud_service_group': 'Compute',
              'cloud_service_type': 'Autoscaling',
              'data': {'activity_log_list': [{'activity_no': '4439796',
                                              'description': 'Launching a new '
                                                             'server instance: '
                                                             '#20318785',
                                              'details': '{"zoneNo":"3"}',
                                              'end_time': '1970-01-01T09:00:00.000000+0900',
                                              'start_time': '2023-10-31T19:27:04.000000+0900',
                                              'status': 'INPRG',
                                              'status_message': None},
                                             {'activity_no': '4439795',
                                              'description': 'Launching a new '
                                                             'server instance: '
                                                             '#20318782',
                                              'details': '{"zoneNo":"3"}',
                                              'end_time': '2023-10-31T19:33:10.000000+0900',
                                              'start_time': '2023-10-31T19:27:04.000000+0900',
                                              'status': 'SUCCS',
                                              'status_message': None},
                                             {'activity_no': '4439793',
                                              'description': 'Launching a new '
                                                             'server instance: '
                                                             '#20318776',
                                              'details': '{"zoneNo":"3"}',
                                              'end_time': '2023-10-31T19:32:56.000000+0900',
                                              'start_time': '2023-10-31T19:27:00.000000+0900',
                                              'status': 'SUCCS',
                                              'status_message': None},
                                             {'activity_no': '4439794',
                                              'description': 'Launching a new '
                                                             'server instance: '
                                                             '#20318779',
                                              'details': '{"zoneNo":"3"}',
                                              'end_time': '2023-10-31T19:32:36.000000+0900',
                                              'start_time': '2023-10-31T19:27:00.000000+0900',
                                              'status': 'SUCCS',
                                              'status_message': None}],
                       'configuration_log_list': [{'configuration_action_name': 'createAutoScalingGroup',
                                                   'configuration_no': '233096',
                                                   'launch_configuration_name': 'naevistest',
                                                   'scheduled_action_name': '',
                                                   'setting_time': '2023-10-31T19:26:55.000000+0900'}],
                       'default_cooldown': 300.0,
                       'desired_capacity': 4.0,
                       'health_check_grace_period': 300.0,
                       'health_check_type': 'SVR',
                       'launch_configuration_list': [{'access_control_group_list': [{'access_control_group_configuration_no': '1317511',
                                                                                     'access_control_group_description': 'Default '
                                                                                                                         'AccessControlGroup',
                                                                                     'access_control_group_name': 'ncloud-default-acg',
                                                                                     'is_default_group': None}],
                                                      'launch_configuration_name': 'naevistest',
                                                      'login_key_name': 'sehyun'}],
                       'max_size': 10.0,
                       'min_size': 4.0,
                       'zone_list': [{'zone_description': '평촌 zone',
                                      'zone_name': 'KR-2',
                                      'zone_no': '3'}]},
              'launched_at': '2023-10-31T19:26:55.000000+0900',
              'metadata': {'view': {'sub_data': {'layouts': [{'name': 'server '
                                                                      'engine',
                                                              'options': {'layouts': [{'name': 'Autoscaling '
                                                                                               'Instance',
                                                                                       'options': {},
                                                                                       'type': 'item'}]},
                                                              'type': 'list'}]}}},
              'name': 'test',
              'provider': 'naver_cloud',
              'region_code': ''},
 'resource_type': 'inventory.CloudService',
 'state': 'SUCCESS'}

]]></system-out>
	</testcase>
	<testcase classname="TestCollector" name="test_init" time="0.015" timestamp="2023-10-31T19:37:09" file="test_cloudservice_api.py" line="43">
		<system-out><![CDATA[{'metadata': {'cloud_service_group_map': {'Compute': ['ServerInstanceManager',
                                                      'AutoscalingManager'],
                                          'Content Delivery': ['CdnManager'],
                                          'Database': ['CloudDBManager'],
                                          'Management': ['MonitoringManager'],
                                          'Networking': ['VPCNetworkManager'],
                                          'Storage': ['ObjectStorageManager',
                                                      'ArchiveStorageManager']},
              'filter_format': [],
              'supported_features': ['garbage_collection'],
              'supported_resource_type': ['inventory.CloudService',
                                          'inventory.CloudServiceType',
                                          'inventory.Region',
                                          'inventory.ErrorResource'],
              'supported_schedules': ['hours']}}

]]></system-out>
	</testcase>
	<testcase classname="TestCollector" name="test_verify" time="0.032" timestamp="2023-10-31T19:37:09" file="test_cloudservice_api.py" line="47">
		<system-out><![CDATA[{}

]]></system-out>
	</testcase>
</testsuite>
